<?xml version="1.0" encoding="UTF-8"?>
<testng-results skipped="0" failed="0" ignored="0" total="1" passed="1">
  <reporter-output>
  </reporter-output>
  <suite name="Default suite" duration-ms="12852" started-at="2019-11-19T10:09:25Z" finished-at="2019-11-19T10:09:38Z">
    <groups>
    </groups>
    <test name="Default test" duration-ms="12852" started-at="2019-11-19T10:09:25Z" finished-at="2019-11-19T10:09:38Z">
      <class name="seleniumPackage.SampleTask1">
        <test-method status="PASS" signature="OpenHomepage()[pri:0, instance:seleniumPackage.SampleTask1@396a51ab]" name="OpenHomepage" duration-ms="12823" started-at="2019-11-19T10:09:25Z" finished-at="2019-11-19T10:09:38Z">
          <reporter-output>
          </reporter-output>
        </test-method> <!-- OpenHomepage -->
      </class> <!-- seleniumPackage.SampleTask1 -->
    </test> <!-- Default test -->
  </suite> <!-- Default suite -->
</testng-results>
